  6.c
C:\Users\KB\Desktop\연습내용\배열수업\Project1\6.c(3,20): error C2146: 구문 오류: ')'이(가) 'r' 식별자 앞에 없습니다.
C:\Users\KB\Desktop\연습내용\배열수업\Project1\6.c(3,20): error C2061: 구문 오류: 식별자 'r'
C:\Users\KB\Desktop\연습내용\배열수업\Project1\6.c(3,20): error C2059: 구문 오류: ';'
C:\Users\KB\Desktop\연습내용\배열수업\Project1\6.c(3,21): error C2059: 구문 오류: ')'
C:\Users\KB\Desktop\연습내용\배열수업\Project1\6.c(4,1): error C2449: 파일 범위에 '{'가 있습니다. 함수 헤더가 없는 것 같습니다.
C:\Users\KB\Desktop\연습내용\배열수업\Project1\6.c(6,1): error C2059: 구문 오류: '}'
C:\Users\KB\Desktop\연습내용\배열수업\Project1\6.c(18,19): error C2079: 'r1'은(는) 정의되지 않은 struct 'Rectangle'을(를) 사용합니다.
C:\Users\KB\Desktop\연습내용\배열수업\Project1\6.c(19,5): error C2224: '.width' 왼쪽에는 구조체/공용 구조체 형식이 있어야 합니다.
C:\Users\KB\Desktop\연습내용\배열수업\Project1\6.c(20,5): error C2224: '.height' 왼쪽에는 구조체/공용 구조체 형식이 있어야 합니다.
C:\Users\KB\Desktop\연습내용\배열수업\Project1\6.c(21,29): error C2224: '.width' 왼쪽에는 구조체/공용 구조체 형식이 있어야 합니다.
C:\Users\KB\Desktop\연습내용\배열수업\Project1\6.c(21,40): error C2224: '.height' 왼쪽에는 구조체/공용 구조체 형식이 있어야 합니다.
C:\Users\KB\Desktop\연습내용\배열수업\Project1\6.c(21,9): warning C4473: 'printf': 서식 문자열에 대한 인수가 충분하게 전달되지 않았습니다.
C:\Users\KB\Desktop\연습내용\배열수업\Project1\6.c(21,9): message : 자리 표시자 및 해당 매개 변수에는 variadic 인수가 1개 필요하지만 0개가 제공되었습니다.
C:\Users\KB\Desktop\연습내용\배열수업\Project1\6.c(21,9): message : 누락된 variadic 인수 1이(가) 서식 문자열 '%d'에 필요합니다.
C:\Users\KB\Desktop\연습내용\배열수업\Project1\6.c(22,26): warning C4013: 'area'이(가) 정의되지 않았습니다. extern은 int형을 반환하는 것으로 간주합니다.
C:\Users\KB\Desktop\연습내용\배열수업\Project1\6.c(22,33): error C2065: 'r2': 선언되지 않은 식별자입니다.
C:\Users\KB\Desktop\연습내용\배열수업\Project1\6.c(26,19): error C2079: 'r2'은(는) 정의되지 않은 struct 'Rectangle'을(를) 사용합니다.
C:\Users\KB\Desktop\연습내용\배열수업\Project1\6.c(27,5): error C2224: '.width' 왼쪽에는 구조체/공용 구조체 형식이 있어야 합니다.
C:\Users\KB\Desktop\연습내용\배열수업\Project1\6.c(28,5): error C2224: '.height' 왼쪽에는 구조체/공용 구조체 형식이 있어야 합니다.
C:\Users\KB\Desktop\연습내용\배열수업\Project1\6.c(29,29): error C2224: '.width' 왼쪽에는 구조체/공용 구조체 형식이 있어야 합니다.
C:\Users\KB\Desktop\연습내용\배열수업\Project1\6.c(29,40): error C2224: '.height' 왼쪽에는 구조체/공용 구조체 형식이 있어야 합니다.
C:\Users\KB\Desktop\연습내용\배열수업\Project1\6.c(29,9): warning C4473: 'printf': 서식 문자열에 대한 인수가 충분하게 전달되지 않았습니다.
C:\Users\KB\Desktop\연습내용\배열수업\Project1\6.c(29,9): message : 자리 표시자 및 해당 매개 변수에는 variadic 인수가 1개 필요하지만 0개가 제공되었습니다.
C:\Users\KB\Desktop\연습내용\배열수업\Project1\6.c(29,9): message : 누락된 variadic 인수 1이(가) 서식 문자열 '%d'에 필요합니다.
C:\Users\KB\Desktop\연습내용\배열수업\Project1\6.c(30,12): error C2086: 'int r2': 재정의
C:\Users\KB\Desktop\연습내용\배열수업\Project1\6.c(26): message : 'r2' 선언을 참조하십시오.
C:\Users\KB\Desktop\연습내용\배열수업\Project1\6.c(31,23): error C2224: '.width' 왼쪽에는 구조체/공용 구조체 형식이 있어야 합니다.
C:\Users\KB\Desktop\연습내용\배열수업\Project1\6.c(31,34): error C2224: '.height' 왼쪽에는 구조체/공용 구조체 형식이 있어야 합니다.
C:\Users\KB\Desktop\연습내용\배열수업\Project1\6.c(31,10): warning C4473: 'scanf_s': 서식 문자열에 대한 인수가 충분하게 전달되지 않았습니다.
C:\Users\KB\Desktop\연습내용\배열수업\Project1\6.c(31,10): message : 자리 표시자 및 해당 매개 변수에는 variadic 인수가 2개 필요하지만 0개가 제공되었습니다.
C:\Users\KB\Desktop\연습내용\배열수업\Project1\6.c(31,10): message : 누락된 variadic 인수 1이(가) 서식 문자열 '%d'에 필요합니다.
  7.c
  코드를 생성하고 있습니다...
